<html>
<head>
<title>TestNG:  Default test</title>
<link href="../testng.css" rel="stylesheet" type="text/css" />
<link href="../my-testng.css" rel="stylesheet" type="text/css" />

<style type="text/css">
.log { display: none;} 
.stack-trace { display: none;} 
</style>
<script type="text/javascript">
<!--
function flip(e) {
  current = e.style.display;
  if (current == 'block') {
    e.style.display = 'none';
    return 0;
  }
  else {
    e.style.display = 'block';
    return 1;
  }
}

function toggleBox(szDivId, elem, msg1, msg2)
{
  var res = -1;  if (document.getElementById) {
    res = flip(document.getElementById(szDivId));
  }
  else if (document.all) {
    // this is the way old msie versions work
    res = flip(document.all[szDivId]);
  }
  if(elem) {
    if(res == 0) elem.innerHTML = msg1; else elem.innerHTML = msg2;
  }

}

function toggleAllBoxes() {
  if (document.getElementsByTagName) {
    d = document.getElementsByTagName('div');
    for (i = 0; i < d.length; i++) {
      if (d[i].className == 'log') {
        flip(d[i]);
      }
    }
  }
}

// -->
</script>

</head>
<body>
<h2 align='center'>Default test</h2><table border='1' align="center">
<tr>
<td>Tests passed/Failed/Skipped:</td><td>12/0/0</td>
</tr><tr>
<td>Started on:</td><td>Wed Aug 21 14:32:02 CEST 2013</td>
</tr>
<tr><td>Total time:</td><td>0 seconds (37 ms)</td>
</tr><tr>
<td>Included groups:</td><td></td>
</tr><tr>
<td>Excluded groups:</td><td></td>
</tr>
</table><p/>
<small><i>(Hover the method name to see the test class name)</i></small><p/>
<table width='100%' border='1' class='invocation-passed'>
<tr><td colspan='4' align='center'><b>PASSED TESTS</b></td></tr>
<tr><td><b>Test method</b></td>
<td width="30%"><b>Exception</b></td>
<td width="10%"><b>Time (seconds)</b></td>
<td><b>Instance</b></td>
</tr>
<tr>
<td title='be.fabrice.proto.model.entity.TestBook.testAddExistingCategoryDoesNotChangeCollection()'><b>testAddExistingCategoryDoesNotChangeCollection</b><br>Test class: be.fabrice.proto.model.entity.TestBook</td>
<td></td>
<td>0</td>
<td>be.fabrice.proto.model.entity.TestBook@3e110003</td></tr>
<tr>
<td title='be.fabrice.proto.model.entity.TestBook.testAddNewCategoryToEmptyCollectionAddsCategoryToCollection()'><b>testAddNewCategoryToEmptyCollectionAddsCategoryToCollection</b><br>Test class: be.fabrice.proto.model.entity.TestBook</td>
<td></td>
<td>0</td>
<td>be.fabrice.proto.model.entity.TestBook@3e110003</td></tr>
<tr>
<td title='be.fabrice.proto.model.entity.TestBook.testAddNewCategoryToNonEmptyCollectionAddsCategoryToCollection()'><b>testAddNewCategoryToNonEmptyCollectionAddsCategoryToCollection</b><br>Test class: be.fabrice.proto.model.entity.TestBook</td>
<td></td>
<td>0</td>
<td>be.fabrice.proto.model.entity.TestBook@3e110003</td></tr>
<tr>
<td title='be.fabrice.proto.model.entity.TestBook.testBookCreationFailsIfEmptyTitle()'><b>testBookCreationFailsIfEmptyTitle</b><br>Test class: be.fabrice.proto.model.entity.TestBook</td>
<td><div><pre>java.lang.IllegalArgumentException: Title must be defined
	at be.fabrice.proto.model.entity.Book.&lt;init&gt;(Book.java:100)
	at be.fabrice.proto.model.entity.TestBook.testBookCreationFailsIfEmptyTitle(TestBook.java:41)
	at sun.reflect.NativeMethodAccessorImpl.invoke0(Native Method)
	at sun.reflect.NativeMethodAccessorImpl.invoke(NativeMethodAccessorImpl.java:39)
	at sun.reflect.DelegatingMethodAccessorImpl.invoke(DelegatingMethodAccessorImpl.java:25)
	at java.lang.reflect.Method.invoke(Method.java:597)
	at org.testng.internal.MethodInvocationHelper.invokeMethod(MethodInvocationHelper.java:80)
	at org.testng.internal.Invoker.invokeMethod(Invoker.java:691)
	at org.testng.internal.Invoker.invokeTestMethod(Invoker.java:883)
	at org.testng.internal.Invoker.invokeTestMethods(Invoker.java:1208)
	at org.testng.internal.TestMethodWorker.invokeTestMethods(TestMethodWorker.java:127)
	at org.testng.internal.TestMethodWorker.run(TestMethodWorker.java:111)
	at org.testng.TestRunner.privateRun(TestRunner.java:753)
	at org.testng.TestRunner.run(TestRunner.java:613)
	at org.testng.SuiteRunner.runTest(SuiteRunner.java:335)
	at org.testng.SuiteRunner.runSequentially(SuiteRunner.java:330)
	at org.testng.SuiteRunner.privateRun(SuiteRunner.java:292)
	at org.testng.SuiteRunner.run(SuiteRunner.java:241)
	at org.testng.SuiteRunnerWorker.runSuite(SuiteRunnerWorker.java:52)
	at org.testng.SuiteRunnerWorker.run(SuiteRunnerWorker.java:86)
	at org.testng.TestNG.runSuitesSequentially(TestNG.java:1169)
	at org.testng.TestNG.runSuitesLocally(TestNG.java:1094)
	at org.testng.TestNG.run(TestNG.java:1006)
	at org.testng.remote.RemoteTestNG.run(RemoteTestNG.java:107)
	at org.testng.remote.RemoteTestNG.initAndRun(RemoteTestNG.java:199)
	at org.testng.remote.RemoteTestNG.main(RemoteTestNG.java:170)
</pre></div><a href='#' onClick='toggleBox("stack-trace2092063645", this, "Click to show all stack frames", "Click to hide stack frames")'>Click to show all stack frames</a>
<div class='stack-trace' id='stack-trace2092063645'><pre>java.lang.IllegalArgumentException: Title must be defined
	at be.fabrice.proto.model.entity.Book.&lt;init&gt;(Book.java:100)
	at be.fabrice.proto.model.entity.TestBook.testBookCreationFailsIfEmptyTitle(TestBook.java:41)
	at sun.reflect.NativeMethodAccessorImpl.invoke0(Native Method)
	at sun.reflect.NativeMethodAccessorImpl.invoke(NativeMethodAccessorImpl.java:39)
	at sun.reflect.DelegatingMethodAccessorImpl.invoke(DelegatingMethodAccessorImpl.java:25)
	at java.lang.reflect.Method.invoke(Method.java:597)
	at org.testng.internal.MethodInvocationHelper.invokeMethod(MethodInvocationHelper.java:80)
	at org.testng.internal.Invoker.invokeMethod(Invoker.java:691)
	at org.testng.internal.Invoker.invokeTestMethod(Invoker.java:883)
	at org.testng.internal.Invoker.invokeTestMethods(Invoker.java:1208)
	at org.testng.internal.TestMethodWorker.invokeTestMethods(TestMethodWorker.java:127)
	at org.testng.internal.TestMethodWorker.run(TestMethodWorker.java:111)
	at org.testng.TestRunner.privateRun(TestRunner.java:753)
	at org.testng.TestRunner.run(TestRunner.java:613)
	at org.testng.SuiteRunner.runTest(SuiteRunner.java:335)
	at org.testng.SuiteRunner.runSequentially(SuiteRunner.java:330)
	at org.testng.SuiteRunner.privateRun(SuiteRunner.java:292)
	at org.testng.SuiteRunner.run(SuiteRunner.java:241)
	at org.testng.SuiteRunnerWorker.runSuite(SuiteRunnerWorker.java:52)
	at org.testng.SuiteRunnerWorker.run(SuiteRunnerWorker.java:86)
	at org.testng.TestNG.runSuitesSequentially(TestNG.java:1169)
	at org.testng.TestNG.runSuitesLocally(TestNG.java:1094)
	at org.testng.TestNG.run(TestNG.java:1006)
	at org.testng.remote.RemoteTestNG.run(RemoteTestNG.java:107)
	at org.testng.remote.RemoteTestNG.initAndRun(RemoteTestNG.java:199)
	at org.testng.remote.RemoteTestNG.main(RemoteTestNG.java:170)
</pre></div></td>
<td>0</td>
<td>be.fabrice.proto.model.entity.TestBook@3e110003</td></tr>
<tr>
<td title='be.fabrice.proto.model.entity.TestBook.testBookCreationFailsIfNullIsbn()'><b>testBookCreationFailsIfNullIsbn</b><br>Test class: be.fabrice.proto.model.entity.TestBook</td>
<td><div><pre>java.lang.IllegalArgumentException: Isbn must be defined
	at be.fabrice.proto.model.entity.Book.&lt;init&gt;(Book.java:97)
	at be.fabrice.proto.model.entity.TestBook.testBookCreationFailsIfNullIsbn(TestBook.java:46)
	at sun.reflect.NativeMethodAccessorImpl.invoke0(Native Method)
	at sun.reflect.NativeMethodAccessorImpl.invoke(NativeMethodAccessorImpl.java:39)
	at sun.reflect.DelegatingMethodAccessorImpl.invoke(DelegatingMethodAccessorImpl.java:25)
	at java.lang.reflect.Method.invoke(Method.java:597)
	at org.testng.internal.MethodInvocationHelper.invokeMethod(MethodInvocationHelper.java:80)
	at org.testng.internal.Invoker.invokeMethod(Invoker.java:691)
	at org.testng.internal.Invoker.invokeTestMethod(Invoker.java:883)
	at org.testng.internal.Invoker.invokeTestMethods(Invoker.java:1208)
	at org.testng.internal.TestMethodWorker.invokeTestMethods(TestMethodWorker.java:127)
	at org.testng.internal.TestMethodWorker.run(TestMethodWorker.java:111)
	at org.testng.TestRunner.privateRun(TestRunner.java:753)
	at org.testng.TestRunner.run(TestRunner.java:613)
	at org.testng.SuiteRunner.runTest(SuiteRunner.java:335)
	at org.testng.SuiteRunner.runSequentially(SuiteRunner.java:330)
	at org.testng.SuiteRunner.privateRun(SuiteRunner.java:292)
	at org.testng.SuiteRunner.run(SuiteRunner.java:241)
	at org.testng.SuiteRunnerWorker.runSuite(SuiteRunnerWorker.java:52)
	at org.testng.SuiteRunnerWorker.run(SuiteRunnerWorker.java:86)
	at org.testng.TestNG.runSuitesSequentially(TestNG.java:1169)
	at org.testng.TestNG.runSuitesLocally(TestNG.java:1094)
	at org.testng.TestNG.run(TestNG.java:1006)
	at org.testng.remote.RemoteTestNG.run(RemoteTestNG.java:107)
	at org.testng.remote.RemoteTestNG.initAndRun(RemoteTestNG.java:199)
	at org.testng.remote.RemoteTestNG.main(RemoteTestNG.java:170)
</pre></div><a href='#' onClick='toggleBox("stack-trace1798675483", this, "Click to show all stack frames", "Click to hide stack frames")'>Click to show all stack frames</a>
<div class='stack-trace' id='stack-trace1798675483'><pre>java.lang.IllegalArgumentException: Isbn must be defined
	at be.fabrice.proto.model.entity.Book.&lt;init&gt;(Book.java:97)
	at be.fabrice.proto.model.entity.TestBook.testBookCreationFailsIfNullIsbn(TestBook.java:46)
	at sun.reflect.NativeMethodAccessorImpl.invoke0(Native Method)
	at sun.reflect.NativeMethodAccessorImpl.invoke(NativeMethodAccessorImpl.java:39)
	at sun.reflect.DelegatingMethodAccessorImpl.invoke(DelegatingMethodAccessorImpl.java:25)
	at java.lang.reflect.Method.invoke(Method.java:597)
	at org.testng.internal.MethodInvocationHelper.invokeMethod(MethodInvocationHelper.java:80)
	at org.testng.internal.Invoker.invokeMethod(Invoker.java:691)
	at org.testng.internal.Invoker.invokeTestMethod(Invoker.java:883)
	at org.testng.internal.Invoker.invokeTestMethods(Invoker.java:1208)
	at org.testng.internal.TestMethodWorker.invokeTestMethods(TestMethodWorker.java:127)
	at org.testng.internal.TestMethodWorker.run(TestMethodWorker.java:111)
	at org.testng.TestRunner.privateRun(TestRunner.java:753)
	at org.testng.TestRunner.run(TestRunner.java:613)
	at org.testng.SuiteRunner.runTest(SuiteRunner.java:335)
	at org.testng.SuiteRunner.runSequentially(SuiteRunner.java:330)
	at org.testng.SuiteRunner.privateRun(SuiteRunner.java:292)
	at org.testng.SuiteRunner.run(SuiteRunner.java:241)
	at org.testng.SuiteRunnerWorker.runSuite(SuiteRunnerWorker.java:52)
	at org.testng.SuiteRunnerWorker.run(SuiteRunnerWorker.java:86)
	at org.testng.TestNG.runSuitesSequentially(TestNG.java:1169)
	at org.testng.TestNG.runSuitesLocally(TestNG.java:1094)
	at org.testng.TestNG.run(TestNG.java:1006)
	at org.testng.remote.RemoteTestNG.run(RemoteTestNG.java:107)
	at org.testng.remote.RemoteTestNG.initAndRun(RemoteTestNG.java:199)
	at org.testng.remote.RemoteTestNG.main(RemoteTestNG.java:170)
</pre></div></td>
<td>0</td>
<td>be.fabrice.proto.model.entity.TestBook@3e110003</td></tr>
<tr>
<td title='be.fabrice.proto.model.entity.TestBook.testBookCreationFailsIfNullTitle()'><b>testBookCreationFailsIfNullTitle</b><br>Test class: be.fabrice.proto.model.entity.TestBook</td>
<td><div><pre>java.lang.IllegalArgumentException: Title must be defined
	at be.fabrice.proto.model.entity.Book.&lt;init&gt;(Book.java:100)
	at be.fabrice.proto.model.entity.TestBook.testBookCreationFailsIfNullTitle(TestBook.java:36)
	at sun.reflect.NativeMethodAccessorImpl.invoke0(Native Method)
	at sun.reflect.NativeMethodAccessorImpl.invoke(NativeMethodAccessorImpl.java:39)
	at sun.reflect.DelegatingMethodAccessorImpl.invoke(DelegatingMethodAccessorImpl.java:25)
	at java.lang.reflect.Method.invoke(Method.java:597)
	at org.testng.internal.MethodInvocationHelper.invokeMethod(MethodInvocationHelper.java:80)
	at org.testng.internal.Invoker.invokeMethod(Invoker.java:691)
	at org.testng.internal.Invoker.invokeTestMethod(Invoker.java:883)
	at org.testng.internal.Invoker.invokeTestMethods(Invoker.java:1208)
	at org.testng.internal.TestMethodWorker.invokeTestMethods(TestMethodWorker.java:127)
	at org.testng.internal.TestMethodWorker.run(TestMethodWorker.java:111)
	at org.testng.TestRunner.privateRun(TestRunner.java:753)
	at org.testng.TestRunner.run(TestRunner.java:613)
	at org.testng.SuiteRunner.runTest(SuiteRunner.java:335)
	at org.testng.SuiteRunner.runSequentially(SuiteRunner.java:330)
	at org.testng.SuiteRunner.privateRun(SuiteRunner.java:292)
	at org.testng.SuiteRunner.run(SuiteRunner.java:241)
	at org.testng.SuiteRunnerWorker.runSuite(SuiteRunnerWorker.java:52)
	at org.testng.SuiteRunnerWorker.run(SuiteRunnerWorker.java:86)
	at org.testng.TestNG.runSuitesSequentially(TestNG.java:1169)
	at org.testng.TestNG.runSuitesLocally(TestNG.java:1094)
	at org.testng.TestNG.run(TestNG.java:1006)
	at org.testng.remote.RemoteTestNG.run(RemoteTestNG.java:107)
	at org.testng.remote.RemoteTestNG.initAndRun(RemoteTestNG.java:199)
	at org.testng.remote.RemoteTestNG.main(RemoteTestNG.java:170)
</pre></div><a href='#' onClick='toggleBox("stack-trace1864729679", this, "Click to show all stack frames", "Click to hide stack frames")'>Click to show all stack frames</a>
<div class='stack-trace' id='stack-trace1864729679'><pre>java.lang.IllegalArgumentException: Title must be defined
	at be.fabrice.proto.model.entity.Book.&lt;init&gt;(Book.java:100)
	at be.fabrice.proto.model.entity.TestBook.testBookCreationFailsIfNullTitle(TestBook.java:36)
	at sun.reflect.NativeMethodAccessorImpl.invoke0(Native Method)
	at sun.reflect.NativeMethodAccessorImpl.invoke(NativeMethodAccessorImpl.java:39)
	at sun.reflect.DelegatingMethodAccessorImpl.invoke(DelegatingMethodAccessorImpl.java:25)
	at java.lang.reflect.Method.invoke(Method.java:597)
	at org.testng.internal.MethodInvocationHelper.invokeMethod(MethodInvocationHelper.java:80)
	at org.testng.internal.Invoker.invokeMethod(Invoker.java:691)
	at org.testng.internal.Invoker.invokeTestMethod(Invoker.java:883)
	at org.testng.internal.Invoker.invokeTestMethods(Invoker.java:1208)
	at org.testng.internal.TestMethodWorker.invokeTestMethods(TestMethodWorker.java:127)
	at org.testng.internal.TestMethodWorker.run(TestMethodWorker.java:111)
	at org.testng.TestRunner.privateRun(TestRunner.java:753)
	at org.testng.TestRunner.run(TestRunner.java:613)
	at org.testng.SuiteRunner.runTest(SuiteRunner.java:335)
	at org.testng.SuiteRunner.runSequentially(SuiteRunner.java:330)
	at org.testng.SuiteRunner.privateRun(SuiteRunner.java:292)
	at org.testng.SuiteRunner.run(SuiteRunner.java:241)
	at org.testng.SuiteRunnerWorker.runSuite(SuiteRunnerWorker.java:52)
	at org.testng.SuiteRunnerWorker.run(SuiteRunnerWorker.java:86)
	at org.testng.TestNG.runSuitesSequentially(TestNG.java:1169)
	at org.testng.TestNG.runSuitesLocally(TestNG.java:1094)
	at org.testng.TestNG.run(TestNG.java:1006)
	at org.testng.remote.RemoteTestNG.run(RemoteTestNG.java:107)
	at org.testng.remote.RemoteTestNG.initAndRun(RemoteTestNG.java:199)
	at org.testng.remote.RemoteTestNG.main(RemoteTestNG.java:170)
</pre></div></td>
<td>0</td>
<td>be.fabrice.proto.model.entity.TestBook@3e110003</td></tr>
<tr>
<td title='be.fabrice.proto.model.entity.TestBook.testBookCreationSetNullAuthorIfAuthorIsEmpty()'><b>testBookCreationSetNullAuthorIfAuthorIsEmpty</b><br>Test class: be.fabrice.proto.model.entity.TestBook</td>
<td></td>
<td>0</td>
<td>be.fabrice.proto.model.entity.TestBook@3e110003</td></tr>
<tr>
<td title='be.fabrice.proto.model.entity.TestBook.testBookCreationWithCorrectValuesCreatesABookWithCorrectTrimmedProperties()'><b>testBookCreationWithCorrectValuesCreatesABookWithCorrectTrimmedProperties</b><br>Test class: be.fabrice.proto.model.entity.TestBook</td>
<td></td>
<td>0</td>
<td>be.fabrice.proto.model.entity.TestBook@3e110003</td></tr>
<tr>
<td title='be.fabrice.proto.model.entity.TestBook.testCategoriesIsEmptyAtCreation()'><b>testCategoriesIsEmptyAtCreation</b><br>Test class: be.fabrice.proto.model.entity.TestBook</td>
<td></td>
<td>0</td>
<td>be.fabrice.proto.model.entity.TestBook@3e110003</td></tr>
<tr>
<td title='be.fabrice.proto.model.entity.TestBook.testRemovingExistingCategoryRemovesFromCollection()'><b>testRemovingExistingCategoryRemovesFromCollection</b><br>Test class: be.fabrice.proto.model.entity.TestBook</td>
<td></td>
<td>0</td>
<td>be.fabrice.proto.model.entity.TestBook@3e110003</td></tr>
<tr>
<td title='be.fabrice.proto.model.entity.TestBook.testRemovingNonExistingCategoryRemovesNothingFromCollection()'><b>testRemovingNonExistingCategoryRemovesNothingFromCollection</b><br>Test class: be.fabrice.proto.model.entity.TestBook</td>
<td></td>
<td>0</td>
<td>be.fabrice.proto.model.entity.TestBook@3e110003</td></tr>
<tr>
<td title='be.fabrice.proto.model.entity.TestBook.testSynchronizeCategoriesSynrhconizeCollection()'><b>testSynchronizeCategoriesSynrhconizeCollection</b><br>Test class: be.fabrice.proto.model.entity.TestBook</td>
<td></td>
<td>0</td>
<td>be.fabrice.proto.model.entity.TestBook@3e110003</td></tr>
</table><p>
</body>
</html>