<?xml version="1.0" encoding="UTF-8"?>
<!-- Generated by org.testng.reporters.JUnitXMLReporter -->
<testsuite hostname="100WCTI184" name="Default test" tests="4" failures="0" timestamp="22 Aug 2013 07:31:42 GMT" time="0.131" errors="0">
  <testcase name="testMapEntityReturnsAVo" time="0.0050" classname="be.fabrice.proto.web.mapper.BookMapperTest"/>
  <testcase name="testMapListOfEntitiesReturnsListOfVos" time="0.0010" classname="be.fabrice.proto.web.mapper.BookMapperTest"/>
  <testcase name="testMapOfAVoWithIdreturnsTheModifiedEntityWith" time="0.0020" classname="be.fabrice.proto.web.mapper.BookMapperTest"/>
  <testcase name="testMapOfAVoWithoutIdReturnsANewTransientEntity" time="0.0010" classname="be.fabrice.proto.web.mapper.BookMapperTest"/>
</testsuite>
