<?xml version="1.0" encoding="UTF-8"?>
<!-- Generated by org.testng.reporters.JUnitXMLReporter -->
<testsuite hostname="100WCTI184" name="Default test" tests="2" failures="0" timestamp="14 Aug 2013 09:09:48 GMT" time="0.953" errors="0">
  <testcase name="testFindExistingBookReturnsBook" time="0.026" classname="be.fabrice.proto.persistence.dao.hibernate.BookHibernateDaoTest"/>
  <testcase name="testInsertNewBook" time="0.016" classname="be.fabrice.proto.persistence.dao.hibernate.BookHibernateDaoTest"/>
</testsuite>
