<?xml version="1.0" encoding="UTF-8"?>
<testng-results skipped="0" failed="0" total="12" passed="12">
  <reporter-output>
  </reporter-output>
  <suite name="Default suite" duration-ms="37" started-at="2013-08-21T14:32:02Z" finished-at="2013-08-21T14:32:02Z">
    <groups>
    </groups>
    <test name="Default test" duration-ms="37" started-at="2013-08-21T14:32:02Z" finished-at="2013-08-21T14:32:02Z">
      <class name="be.fabrice.proto.model.entity.TestBook">
        <test-method status="PASS" signature="testAddExistingCategoryDoesNotChangeCollection()[pri:0, instance:be.fabrice.proto.model.entity.TestBook@3e110003]" name="testAddExistingCategoryDoesNotChangeCollection" duration-ms="11" started-at="2013-08-21T14:32:02Z" finished-at="2013-08-21T14:32:02Z">
        </test-method>
        <test-method status="PASS" signature="testAddNewCategoryToEmptyCollectionAddsCategoryToCollection()[pri:0, instance:be.fabrice.proto.model.entity.TestBook@3e110003]" name="testAddNewCategoryToEmptyCollectionAddsCategoryToCollection" duration-ms="1" started-at="2013-08-21T14:32:02Z" finished-at="2013-08-21T14:32:02Z">
        </test-method>
        <test-method status="PASS" signature="testAddNewCategoryToNonEmptyCollectionAddsCategoryToCollection()[pri:0, instance:be.fabrice.proto.model.entity.TestBook@3e110003]" name="testAddNewCategoryToNonEmptyCollectionAddsCategoryToCollection" duration-ms="1" started-at="2013-08-21T14:32:02Z" finished-at="2013-08-21T14:32:02Z">
        </test-method>
        <test-method status="PASS" signature="testBookCreationFailsIfEmptyTitle()[pri:0, instance:be.fabrice.proto.model.entity.TestBook@3e110003]" name="testBookCreationFailsIfEmptyTitle" duration-ms="0" started-at="2013-08-21T14:32:02Z" finished-at="2013-08-21T14:32:02Z">
          <exception class="java.lang.IllegalArgumentException">
            <message>
              <![CDATA[Title must be defined]]>
            </message>
            <full-stacktrace>
              <![CDATA[java.lang.IllegalArgumentException: Title must be defined
	at be.fabrice.proto.model.entity.Book.<init>(Book.java:100)
	at be.fabrice.proto.model.entity.TestBook.testBookCreationFailsIfEmptyTitle(TestBook.java:41)
	at sun.reflect.NativeMethodAccessorImpl.invoke0(Native Method)
	at sun.reflect.NativeMethodAccessorImpl.invoke(NativeMethodAccessorImpl.java:39)
	at sun.reflect.DelegatingMethodAccessorImpl.invoke(DelegatingMethodAccessorImpl.java:25)
	at java.lang.reflect.Method.invoke(Method.java:597)
	at org.testng.internal.MethodInvocationHelper.invokeMethod(MethodInvocationHelper.java:80)
	at org.testng.internal.Invoker.invokeMethod(Invoker.java:691)
	at org.testng.internal.Invoker.invokeTestMethod(Invoker.java:883)
	at org.testng.internal.Invoker.invokeTestMethods(Invoker.java:1208)
	at org.testng.internal.TestMethodWorker.invokeTestMethods(TestMethodWorker.java:127)
	at org.testng.internal.TestMethodWorker.run(TestMethodWorker.java:111)
	at org.testng.TestRunner.privateRun(TestRunner.java:753)
	at org.testng.TestRunner.run(TestRunner.java:613)
	at org.testng.SuiteRunner.runTest(SuiteRunner.java:335)
	at org.testng.SuiteRunner.runSequentially(SuiteRunner.java:330)
	at org.testng.SuiteRunner.privateRun(SuiteRunner.java:292)
	at org.testng.SuiteRunner.run(SuiteRunner.java:241)
	at org.testng.SuiteRunnerWorker.runSuite(SuiteRunnerWorker.java:52)
	at org.testng.SuiteRunnerWorker.run(SuiteRunnerWorker.java:86)
	at org.testng.TestNG.runSuitesSequentially(TestNG.java:1169)
	at org.testng.TestNG.runSuitesLocally(TestNG.java:1094)
	at org.testng.TestNG.run(TestNG.java:1006)
	at org.testng.remote.RemoteTestNG.run(RemoteTestNG.java:107)
	at org.testng.remote.RemoteTestNG.initAndRun(RemoteTestNG.java:199)
	at org.testng.remote.RemoteTestNG.main(RemoteTestNG.java:170)
]]>
            </full-stacktrace>
          </exception>
        </test-method>
        <test-method status="PASS" signature="testBookCreationFailsIfNullIsbn()[pri:0, instance:be.fabrice.proto.model.entity.TestBook@3e110003]" name="testBookCreationFailsIfNullIsbn" duration-ms="1" started-at="2013-08-21T14:32:02Z" finished-at="2013-08-21T14:32:02Z">
          <exception class="java.lang.IllegalArgumentException">
            <message>
              <![CDATA[Isbn must be defined]]>
            </message>
            <full-stacktrace>
              <![CDATA[java.lang.IllegalArgumentException: Isbn must be defined
	at be.fabrice.proto.model.entity.Book.<init>(Book.java:97)
	at be.fabrice.proto.model.entity.TestBook.testBookCreationFailsIfNullIsbn(TestBook.java:46)
	at sun.reflect.NativeMethodAccessorImpl.invoke0(Native Method)
	at sun.reflect.NativeMethodAccessorImpl.invoke(NativeMethodAccessorImpl.java:39)
	at sun.reflect.DelegatingMethodAccessorImpl.invoke(DelegatingMethodAccessorImpl.java:25)
	at java.lang.reflect.Method.invoke(Method.java:597)
	at org.testng.internal.MethodInvocationHelper.invokeMethod(MethodInvocationHelper.java:80)
	at org.testng.internal.Invoker.invokeMethod(Invoker.java:691)
	at org.testng.internal.Invoker.invokeTestMethod(Invoker.java:883)
	at org.testng.internal.Invoker.invokeTestMethods(Invoker.java:1208)
	at org.testng.internal.TestMethodWorker.invokeTestMethods(TestMethodWorker.java:127)
	at org.testng.internal.TestMethodWorker.run(TestMethodWorker.java:111)
	at org.testng.TestRunner.privateRun(TestRunner.java:753)
	at org.testng.TestRunner.run(TestRunner.java:613)
	at org.testng.SuiteRunner.runTest(SuiteRunner.java:335)
	at org.testng.SuiteRunner.runSequentially(SuiteRunner.java:330)
	at org.testng.SuiteRunner.privateRun(SuiteRunner.java:292)
	at org.testng.SuiteRunner.run(SuiteRunner.java:241)
	at org.testng.SuiteRunnerWorker.runSuite(SuiteRunnerWorker.java:52)
	at org.testng.SuiteRunnerWorker.run(SuiteRunnerWorker.java:86)
	at org.testng.TestNG.runSuitesSequentially(TestNG.java:1169)
	at org.testng.TestNG.runSuitesLocally(TestNG.java:1094)
	at org.testng.TestNG.run(TestNG.java:1006)
	at org.testng.remote.RemoteTestNG.run(RemoteTestNG.java:107)
	at org.testng.remote.RemoteTestNG.initAndRun(RemoteTestNG.java:199)
	at org.testng.remote.RemoteTestNG.main(RemoteTestNG.java:170)
]]>
            </full-stacktrace>
          </exception>
        </test-method>
        <test-method status="PASS" signature="testBookCreationFailsIfNullTitle()[pri:0, instance:be.fabrice.proto.model.entity.TestBook@3e110003]" name="testBookCreationFailsIfNullTitle" duration-ms="0" started-at="2013-08-21T14:32:02Z" finished-at="2013-08-21T14:32:02Z">
          <exception class="java.lang.IllegalArgumentException">
            <message>
              <![CDATA[Title must be defined]]>
            </message>
            <full-stacktrace>
              <![CDATA[java.lang.IllegalArgumentException: Title must be defined
	at be.fabrice.proto.model.entity.Book.<init>(Book.java:100)
	at be.fabrice.proto.model.entity.TestBook.testBookCreationFailsIfNullTitle(TestBook.java:36)
	at sun.reflect.NativeMethodAccessorImpl.invoke0(Native Method)
	at sun.reflect.NativeMethodAccessorImpl.invoke(NativeMethodAccessorImpl.java:39)
	at sun.reflect.DelegatingMethodAccessorImpl.invoke(DelegatingMethodAccessorImpl.java:25)
	at java.lang.reflect.Method.invoke(Method.java:597)
	at org.testng.internal.MethodInvocationHelper.invokeMethod(MethodInvocationHelper.java:80)
	at org.testng.internal.Invoker.invokeMethod(Invoker.java:691)
	at org.testng.internal.Invoker.invokeTestMethod(Invoker.java:883)
	at org.testng.internal.Invoker.invokeTestMethods(Invoker.java:1208)
	at org.testng.internal.TestMethodWorker.invokeTestMethods(TestMethodWorker.java:127)
	at org.testng.internal.TestMethodWorker.run(TestMethodWorker.java:111)
	at org.testng.TestRunner.privateRun(TestRunner.java:753)
	at org.testng.TestRunner.run(TestRunner.java:613)
	at org.testng.SuiteRunner.runTest(SuiteRunner.java:335)
	at org.testng.SuiteRunner.runSequentially(SuiteRunner.java:330)
	at org.testng.SuiteRunner.privateRun(SuiteRunner.java:292)
	at org.testng.SuiteRunner.run(SuiteRunner.java:241)
	at org.testng.SuiteRunnerWorker.runSuite(SuiteRunnerWorker.java:52)
	at org.testng.SuiteRunnerWorker.run(SuiteRunnerWorker.java:86)
	at org.testng.TestNG.runSuitesSequentially(TestNG.java:1169)
	at org.testng.TestNG.runSuitesLocally(TestNG.java:1094)
	at org.testng.TestNG.run(TestNG.java:1006)
	at org.testng.remote.RemoteTestNG.run(RemoteTestNG.java:107)
	at org.testng.remote.RemoteTestNG.initAndRun(RemoteTestNG.java:199)
	at org.testng.remote.RemoteTestNG.main(RemoteTestNG.java:170)
]]>
            </full-stacktrace>
          </exception>
        </test-method>
        <test-method status="PASS" signature="testBookCreationSetNullAuthorIfAuthorIsEmpty()[pri:0, instance:be.fabrice.proto.model.entity.TestBook@3e110003]" name="testBookCreationSetNullAuthorIfAuthorIsEmpty" duration-ms="1" started-at="2013-08-21T14:32:02Z" finished-at="2013-08-21T14:32:02Z">
        </test-method>
        <test-method status="PASS" signature="testBookCreationWithCorrectValuesCreatesABookWithCorrectTrimmedProperties()[pri:0, instance:be.fabrice.proto.model.entity.TestBook@3e110003]" name="testBookCreationWithCorrectValuesCreatesABookWithCorrectTrimmedProperties" duration-ms="1" started-at="2013-08-21T14:32:02Z" finished-at="2013-08-21T14:32:02Z">
        </test-method>
        <test-method status="PASS" signature="testCategoriesIsEmptyAtCreation()[pri:0, instance:be.fabrice.proto.model.entity.TestBook@3e110003]" name="testCategoriesIsEmptyAtCreation" duration-ms="0" started-at="2013-08-21T14:32:02Z" finished-at="2013-08-21T14:32:02Z">
        </test-method>
        <test-method status="PASS" signature="testRemovingExistingCategoryRemovesFromCollection()[pri:0, instance:be.fabrice.proto.model.entity.TestBook@3e110003]" name="testRemovingExistingCategoryRemovesFromCollection" duration-ms="0" started-at="2013-08-21T14:32:02Z" finished-at="2013-08-21T14:32:02Z">
        </test-method>
        <test-method status="PASS" signature="testRemovingNonExistingCategoryRemovesNothingFromCollection()[pri:0, instance:be.fabrice.proto.model.entity.TestBook@3e110003]" name="testRemovingNonExistingCategoryRemovesNothingFromCollection" duration-ms="1" started-at="2013-08-21T14:32:02Z" finished-at="2013-08-21T14:32:02Z">
        </test-method>
        <test-method status="PASS" signature="testSynchronizeCategoriesSynrhconizeCollection()[pri:0, instance:be.fabrice.proto.model.entity.TestBook@3e110003]" name="testSynchronizeCategoriesSynrhconizeCollection" duration-ms="1" started-at="2013-08-21T14:32:02Z" finished-at="2013-08-21T14:32:02Z">
        </test-method>
      </class>
    </test>
  </suite>
</testng-results>
