<?xml version="1.0" encoding="UTF-8"?>
<testng-results skipped="0" failed="0" total="4" passed="4">
  <reporter-output>
  </reporter-output>
  <suite name="Default suite" duration-ms="131" started-at="2013-08-22T09:31:41Z" finished-at="2013-08-22T09:31:42Z">
    <groups>
    </groups>
    <test name="Default test" duration-ms="131" started-at="2013-08-22T09:31:41Z" finished-at="2013-08-22T09:31:42Z">
      <class name="be.fabrice.proto.web.mapper.BookMapperTest">
        <test-method status="PASS" signature="beforeMethod()[pri:0, instance:be.fabrice.proto.web.mapper.BookMapperTest@b6e39f]" name="beforeMethod" is-config="true" duration-ms="111" started-at="2013-08-22T09:31:41Z" finished-at="2013-08-22T09:31:42Z">
        </test-method>
        <test-method status="PASS" signature="testMapEntityReturnsAVo()[pri:0, instance:be.fabrice.proto.web.mapper.BookMapperTest@b6e39f]" name="testMapEntityReturnsAVo" duration-ms="5" started-at="2013-08-22T09:31:42Z" finished-at="2013-08-22T09:31:42Z">
        </test-method>
        <test-method status="PASS" signature="testMapListOfEntitiesReturnsListOfVos()[pri:0, instance:be.fabrice.proto.web.mapper.BookMapperTest@b6e39f]" name="testMapListOfEntitiesReturnsListOfVos" duration-ms="1" started-at="2013-08-22T09:31:42Z" finished-at="2013-08-22T09:31:42Z">
        </test-method>
        <test-method status="PASS" signature="beforeMethod()[pri:0, instance:be.fabrice.proto.web.mapper.BookMapperTest@b6e39f]" name="beforeMethod" is-config="true" duration-ms="0" started-at="2013-08-22T09:31:42Z" finished-at="2013-08-22T09:31:42Z">
        </test-method>
        <test-method status="PASS" signature="testMapOfAVoWithIdreturnsTheModifiedEntityWith()[pri:0, instance:be.fabrice.proto.web.mapper.BookMapperTest@b6e39f]" name="testMapOfAVoWithIdreturnsTheModifiedEntityWith" duration-ms="2" started-at="2013-08-22T09:31:42Z" finished-at="2013-08-22T09:31:42Z">
        </test-method>
        <test-method status="PASS" signature="beforeMethod()[pri:0, instance:be.fabrice.proto.web.mapper.BookMapperTest@b6e39f]" name="beforeMethod" is-config="true" duration-ms="0" started-at="2013-08-22T09:31:42Z" finished-at="2013-08-22T09:31:42Z">
        </test-method>
        <test-method status="PASS" signature="beforeMethod()[pri:0, instance:be.fabrice.proto.web.mapper.BookMapperTest@b6e39f]" name="beforeMethod" is-config="true" duration-ms="0" started-at="2013-08-22T09:31:42Z" finished-at="2013-08-22T09:31:42Z">
        </test-method>
        <test-method status="PASS" signature="testMapOfAVoWithoutIdReturnsANewTransientEntity()[pri:0, instance:be.fabrice.proto.web.mapper.BookMapperTest@b6e39f]" name="testMapOfAVoWithoutIdReturnsANewTransientEntity" duration-ms="1" started-at="2013-08-22T09:31:42Z" finished-at="2013-08-22T09:31:42Z">
        </test-method>
      </class>
    </test>
  </suite>
</testng-results>
