<?xml version="1.0" encoding="UTF-8"?>
<!-- Generated by org.testng.reporters.JUnitReportReporter -->
<testsuite hostname="100WCTI184" name="be.fabrice.proto.persistence.dao.hibernate.BookHibernateDaoTest" tests="2" failures="0" timestamp="14 Aug 2013 09:20:32 GMT" time="0,931" errors="0">
  <testcase name="testFindExistingBookReturnsBook" time="0,873" classname="be.fabrice.proto.persistence.dao.hibernate.BookHibernateDaoTest"/>
  <testcase name="testInsertNewBook" time="0,058" classname="be.fabrice.proto.persistence.dao.hibernate.BookHibernateDaoTest"/>
</testsuite>
